<?xml version="1.0" encoding="UTF-8"?>
<!-- Generated by org.testng.reporters.JUnitReportReporter -->
<testsuite name="com.tekarch.login.loginTekApp" tests="2" time="3.835" ignored="0" failures="0" timestamp="18 Feb 2021 04:50:46 GMT" skipped="0" hostname="skybird" errors="0">
  <testcase name="to_Check_Whether_Login_Happening_Or_Not" time="1.270" classname="com.tekarch.login.loginTekApp"/>
  <testcase name="To_check_Error_For_Invalid_Login" time="2.565" classname="com.tekarch.login.loginTekApp"/>
</testsuite> <!-- com.tekarch.login.loginTekApp -->
