<?xml version="1.0" encoding="UTF-8"?>
<!-- Generated by org.testng.reporters.JUnitReportReporter -->
<testsuite name="com.tekarch.SFLogin.SFLogin" tests="2" time="15.211" ignored="0" failures="0" timestamp="18 Feb 2021 05:35:45 GMT" skipped="0" hostname="skybird" errors="0">
  <testcase name="To_check_Error_For_Invalid_Login" time="4.150" classname="com.tekarch.SFLogin.SFLogin"/>
  <testcase name="to_Check_Whether_Login_Happening_Or_Not" time="11.061" classname="com.tekarch.SFLogin.SFLogin"/>
</testsuite> <!-- com.tekarch.SFLogin.SFLogin -->
